<?xml version="1.0" encoding="UTF-8"?>
<!-- Generated by org.testng.reporters.JUnitXMLReporter -->
<testsuite ignored="12" hostname="DESKTOP-713JM14" failures="0" tests="1" name="Default test" time="10.562" errors="0" timestamp="٢٠٢٦-٠٢-٢٨T٢٢:٠٧:٤٤ EET">
  <testcase classname="myTaskSolution.myTestCases" name="Iframe" time="3.221"/>
  <testcase classname="myTaskSolution.myTestCases" name="EnabledAndDisabled" time="0.0">
    <ignored/>
  </testcase> <!-- EnabledAndDisabled -->
  <testcase classname="myTaskSolution.myTestCases" name="selectTag" time="0.0">
    <ignored/>
  </testcase> <!-- selectTag -->
  <testcase classname="myTaskSolution.myTestCases" name="alertAndConfarim" time="0.0">
    <ignored/>
  </testcase> <!-- alertAndConfarim -->
  <testcase classname="myTaskSolution.myTestCases" name="Calendar" time="0.0">
    <ignored/>
  </testcase> <!-- Calendar -->
  <testcase classname="myTaskSolution.myTestCases" name="radioButton" time="0.0">
    <ignored/>
  </testcase> <!-- radioButton -->
  <testcase classname="myTaskSolution.myTestCases" name="MouseHover" time="0.0">
    <ignored/>
  </testcase> <!-- MouseHover -->
  <testcase classname="myTaskSolution.myTestCases" name="cheakBox" time="0.0">
    <ignored/>
  </testcase> <!-- cheakBox -->
  <testcase classname="myTaskSolution.myTestCases" name="switchWindow" time="0.0">
    <ignored/>
  </testcase> <!-- switchWindow -->
  <testcase classname="myTaskSolution.myTestCases" name="autocomplete" time="0.0">
    <ignored/>
  </testcase> <!-- autocomplete -->
  <testcase classname="myTaskSolution.myTestCases" name="theTable" time="0.0">
    <ignored/>
  </testcase> <!-- theTable -->
  <testcase classname="myTaskSolution.myTestCases" name="switchTab" time="0.0">
    <ignored/>
  </testcase> <!-- switchTab -->
  <testcase classname="myTaskSolution.myTestCases" name="hideAndShow" time="0.0">
    <ignored/>
  </testcase> <!-- hideAndShow -->
</testsuite> <!-- Default test -->
