<?xml version="1.0" encoding="UTF-8"?>
<testng-results ignored="12" total="13" passed="1" failed="0" skipped="0">
  <reporter-output>
  </reporter-output>
  <suite started-at="٢٠٢٦-٠٢-٢٨T٢٢:٠٧:٣٣ EET" name="Default suite" finished-at="٢٠٢٦-٠٢-٢٨T٢٢:٠٧:٤٤ EET" duration-ms="10562">
    <groups>
    </groups>
    <test started-at="٢٠٢٦-٠٢-٢٨T٢٢:٠٧:٣٣ EET" name="Default test" finished-at="٢٠٢٦-٠٢-٢٨T٢٢:٠٧:٤٤ EET" duration-ms="10562">
      <class name="myTaskSolution.myTestCases">
        <test-method is-config="true" signature="mySetup()[pri:0, instance:myTaskSolution.myTestCases@4b2a01d4]" started-at="٢٠٢٦-٠٢-٢٨T٢٢:٠٧:٣٣ EET" name="mySetup" finished-at="٢٠٢٦-٠٢-٢٨T٢٢:٠٧:٤٠ EET" duration-ms="7291" status="PASS">
          <reporter-output>
          </reporter-output>
        </test-method> <!-- mySetup -->
        <test-method signature="Iframe()[pri:0, instance:myTaskSolution.myTestCases@4b2a01d4]" started-at="٢٠٢٦-٠٢-٢٨T٢٢:٠٧:٤٠ EET" name="Iframe" finished-at="٢٠٢٦-٠٢-٢٨T٢٢:٠٧:٤٤ EET" duration-ms="3221" status="PASS">
          <reporter-output>
          </reporter-output>
        </test-method> <!-- Iframe -->
      </class> <!-- myTaskSolution.myTestCases -->
    </test> <!-- Default test -->
  </suite> <!-- Default suite -->
</testng-results>
