<?xml version="1.0" encoding="UTF-8"?>
<!-- Generated by org.testng.reporters.JUnitReportReporter -->
<testsuite hostname="DESKTOP-713JM14" failures="0" tests="13" name="myTaskSolution.myTestCases" time="٣.٢٢١" errors="0" timestamp="٢٠٢٦-٠٢-٢٨T٢٢:٠٧:٤٤ EET" skipped="12">
  <testcase classname="myTaskSolution.myTestCases" name="Iframe" time="٣.٢٢١"/>
  <testcase classname="myTaskSolution.myTestCases" name="EnabledAndDisabled">
    <skipped/>
  </testcase> <!-- EnabledAndDisabled -->
  <testcase classname="myTaskSolution.myTestCases" name="selectTag">
    <skipped/>
  </testcase> <!-- selectTag -->
  <testcase classname="myTaskSolution.myTestCases" name="alertAndConfarim">
    <skipped/>
  </testcase> <!-- alertAndConfarim -->
  <testcase classname="myTaskSolution.myTestCases" name="Calendar">
    <skipped/>
  </testcase> <!-- Calendar -->
  <testcase classname="myTaskSolution.myTestCases" name="radioButton">
    <skipped/>
  </testcase> <!-- radioButton -->
  <testcase classname="myTaskSolution.myTestCases" name="MouseHover">
    <skipped/>
  </testcase> <!-- MouseHover -->
  <testcase classname="myTaskSolution.myTestCases" name="cheakBox">
    <skipped/>
  </testcase> <!-- cheakBox -->
  <testcase classname="myTaskSolution.myTestCases" name="switchWindow">
    <skipped/>
  </testcase> <!-- switchWindow -->
  <testcase classname="myTaskSolution.myTestCases" name="autocomplete">
    <skipped/>
  </testcase> <!-- autocomplete -->
  <testcase classname="myTaskSolution.myTestCases" name="theTable">
    <skipped/>
  </testcase> <!-- theTable -->
  <testcase classname="myTaskSolution.myTestCases" name="switchTab">
    <skipped/>
  </testcase> <!-- switchTab -->
  <testcase classname="myTaskSolution.myTestCases" name="hideAndShow">
    <skipped/>
  </testcase> <!-- hideAndShow -->
</testsuite> <!-- myTaskSolution.myTestCases -->
